<object-stream>
<org.drools.audit.event.ObjectLogEvent>
  <type>1</type>
  <factId>1</factId>
  <objectToString>VELINO CARLOS</objectToString>
</org.drools.audit.event.ObjectLogEvent>
<org.drools.audit.event.ObjectLogEvent>
  <type>3</type>
  <factId>1</factId>
  <objectToString>VELINO CARLOS</objectToString>
</org.drools.audit.event.ObjectLogEvent>
<org.drools.audit.event.ObjectLogEvent>
  <type>1</type>
  <factId>2</factId>
  <objectToString>PADILLA PABLO</objectToString>
</org.drools.audit.event.ObjectLogEvent>
<org.drools.audit.event.ObjectLogEvent>
  <type>3</type>
  <factId>2</factId>
  <objectToString>PADILLA PABLO</objectToString>
</org.drools.audit.event.ObjectLogEvent>
<org.drools.audit.event.ObjectLogEvent>
  <type>1</type>
  <factId>3</factId>
  <objectToString>FERNANDEZ JUAN</objectToString>
</org.drools.audit.event.ObjectLogEvent>
<org.drools.audit.event.ObjectLogEvent>
  <type>3</type>
  <factId>3</factId>
  <objectToString>FERNANDEZ JUAN</objectToString>
</org.drools.audit.event.ObjectLogEvent>
<org.drools.audit.event.ObjectLogEvent>
  <type>1</type>
  <factId>4</factId>
  <objectToString>PABLO PANOZZO</objectToString>
</org.drools.audit.event.ObjectLogEvent>
<org.drools.audit.event.ObjectLogEvent>
  <type>3</type>
  <factId>4</factId>
  <objectToString>PABLO PANOZZO</objectToString>
</org.drools.audit.event.ObjectLogEvent>
<org.drools.audit.event.ObjectLogEvent>
  <type>1</type>
  <factId>5</factId>
  <objectToString>MUNOZ FRANCISCO</objectToString>
</org.drools.audit.event.ObjectLogEvent>
<org.drools.audit.event.ObjectLogEvent>
  <type>3</type>
  <factId>5</factId>
  <objectToString>MUNOZ FRANCISCO</objectToString>
</org.drools.audit.event.ObjectLogEvent>
<org.drools.audit.event.ObjectLogEvent>
  <type>1</type>
  <factId>6</factId>
  <objectToString>BURON ESTEBAN</objectToString>
</org.drools.audit.event.ObjectLogEvent>
<org.drools.audit.event.ObjectLogEvent>
  <type>3</type>
  <factId>6</factId>
  <objectToString>BURON ESTEBAN</objectToString>
</org.drools.audit.event.ObjectLogEvent>
<org.drools.audit.event.ObjectLogEvent>
  <type>1</type>
  <factId>7</factId>
  <objectToString>MOLLA ALEJANDRO</objectToString>
</org.drools.audit.event.ObjectLogEvent>
<org.drools.audit.event.ObjectLogEvent>
  <type>3</type>
  <factId>7</factId>
  <objectToString>MOLLA ALEJANDRO</objectToString>
</org.drools.audit.event.ObjectLogEvent>
<org.drools.audit.event.ObjectLogEvent>
  <type>1</type>
  <factId>8</factId>
  <objectToString>MARTÍNEZ DIEGO</objectToString>
</org.drools.audit.event.ObjectLogEvent>
<org.drools.audit.event.ObjectLogEvent>
  <type>3</type>
  <factId>8</factId>
  <objectToString>MARTÍNEZ DIEGO</objectToString>
</org.drools.audit.event.ObjectLogEvent>
<org.drools.audit.event.ObjectLogEvent>
  <type>1</type>
  <factId>9</factId>
  <objectToString>MANUEL MARTINEZ</objectToString>
</org.drools.audit.event.ObjectLogEvent>
<org.drools.audit.event.ObjectLogEvent>
  <type>3</type>
  <factId>9</factId>
  <objectToString>MANUEL MARTINEZ</objectToString>
</org.drools.audit.event.ObjectLogEvent>
<org.drools.audit.event.ObjectLogEvent>
  <type>1</type>
  <factId>10</factId>
  <objectToString>SERABIAN ARIEL</objectToString>
</org.drools.audit.event.ObjectLogEvent>
<org.drools.audit.event.ObjectLogEvent>
  <type>3</type>
  <factId>10</factId>
  <objectToString>SERABIAN ARIEL</objectToString>
</org.drools.audit.event.ObjectLogEvent>
<org.drools.audit.event.ObjectLogEvent>
  <type>1</type>
  <factId>11</factId>
  <objectToString>TALAVERA LUCAS</objectToString>
</org.drools.audit.event.ObjectLogEvent>
<org.drools.audit.event.ObjectLogEvent>
  <type>3</type>
  <factId>11</factId>
  <objectToString>TALAVERA LUCAS</objectToString>
</org.drools.audit.event.ObjectLogEvent>
<org.drools.audit.event.ObjectLogEvent>
  <type>1</type>
  <factId>12</factId>
  <objectToString>REY ROXANA</objectToString>
</org.drools.audit.event.ObjectLogEvent>
<org.drools.audit.event.ObjectLogEvent>
  <type>3</type>
  <factId>12</factId>
  <objectToString>REY ROXANA</objectToString>
</org.drools.audit.event.ObjectLogEvent>
<org.drools.audit.event.ObjectLogEvent>
  <type>1</type>
  <factId>13</factId>
  <objectToString>VILA CAROLINA</objectToString>
</org.drools.audit.event.ObjectLogEvent>
<org.drools.audit.event.ObjectLogEvent>
  <type>3</type>
  <factId>13</factId>
  <objectToString>VILA CAROLINA</objectToString>
</org.drools.audit.event.ObjectLogEvent>
<org.drools.audit.event.ObjectLogEvent>
  <type>1</type>
  <factId>14</factId>
  <objectToString>PACINI LAURA</objectToString>
</org.drools.audit.event.ObjectLogEvent>
<org.drools.audit.event.ObjectLogEvent>
  <type>3</type>
  <factId>14</factId>
  <objectToString>PACINI LAURA</objectToString>
</org.drools.audit.event.ObjectLogEvent>
<org.drools.audit.event.ObjectLogEvent>
  <type>1</type>
  <factId>15</factId>
  <objectToString>CATALANO DIEGO</objectToString>
</org.drools.audit.event.ObjectLogEvent>
<org.drools.audit.event.ObjectLogEvent>
  <type>3</type>
  <factId>15</factId>
  <objectToString>CATALANO DIEGO</objectToString>
</org.drools.audit.event.ObjectLogEvent>
<org.drools.audit.event.ObjectLogEvent>
  <type>1</type>
  <factId>16</factId>
  <objectToString>PREZIO JOSE</objectToString>
</org.drools.audit.event.ObjectLogEvent>
<org.drools.audit.event.ObjectLogEvent>
  <type>3</type>
  <factId>16</factId>
  <objectToString>PREZIO JOSE</objectToString>
</org.drools.audit.event.ObjectLogEvent>
<org.drools.audit.event.ObjectLogEvent>
  <type>1</type>
  <factId>17</factId>
  <objectToString>GUZMAN ENRIQUE</objectToString>
</org.drools.audit.event.ObjectLogEvent>
<org.drools.audit.event.ObjectLogEvent>
  <type>3</type>
  <factId>17</factId>
  <objectToString>GUZMAN ENRIQUE</objectToString>
</org.drools.audit.event.ObjectLogEvent>
<org.drools.audit.event.ObjectLogEvent>
  <type>1</type>
  <factId>18</factId>
  <objectToString>ALTAMIRANDA DANIEL</objectToString>
</org.drools.audit.event.ObjectLogEvent>
<org.drools.audit.event.ObjectLogEvent>
  <type>3</type>
  <factId>18</factId>
  <objectToString>ALTAMIRANDA DANIEL</objectToString>
</org.drools.audit.event.ObjectLogEvent>
<org.drools.audit.event.ObjectLogEvent>
  <type>1</type>
  <factId>19</factId>
  <objectToString>SILVERO VIVIANA</objectToString>
</org.drools.audit.event.ObjectLogEvent>
<org.drools.audit.event.ObjectLogEvent>
  <type>3</type>
  <factId>19</factId>
  <objectToString>SILVERO VIVIANA</objectToString>
</org.drools.audit.event.ObjectLogEvent>
<org.drools.audit.event.ObjectLogEvent>
  <type>1</type>
  <factId>20</factId>
  <objectToString>CALABRO LEONARDO</objectToString>
</org.drools.audit.event.ObjectLogEvent>
<org.drools.audit.event.ObjectLogEvent>
  <type>3</type>
  <factId>20</factId>
  <objectToString>CALABRO LEONARDO</objectToString>
</org.drools.audit.event.ObjectLogEvent>
<org.drools.audit.event.ObjectLogEvent>
  <type>1</type>
  <factId>21</factId>
  <objectToString>MIJANGOS JORGE</objectToString>
</org.drools.audit.event.ObjectLogEvent>
<org.drools.audit.event.ObjectLogEvent>
  <type>3</type>
  <factId>21</factId>
  <objectToString>MIJANGOS JORGE</objectToString>
</org.drools.audit.event.ObjectLogEvent>
<org.drools.audit.event.ObjectLogEvent>
  <type>1</type>
  <factId>22</factId>
  <objectToString>ANTELMI MARIA DE LOS ANGELES</objectToString>
</org.drools.audit.event.ObjectLogEvent>
<org.drools.audit.event.ObjectLogEvent>
  <type>3</type>
  <factId>22</factId>
  <objectToString>ANTELMI MARIA DE LOS ANGELES</objectToString>
</org.drools.audit.event.ObjectLogEvent>
<org.drools.audit.event.ObjectLogEvent>
  <type>1</type>
  <factId>23</factId>
  <objectToString>MARTINEZ MIGUEL</objectToString>
</org.drools.audit.event.ObjectLogEvent>
<org.drools.audit.event.ObjectLogEvent>
  <type>3</type>
  <factId>23</factId>
  <objectToString>MARTINEZ MIGUEL</objectToString>
</org.drools.audit.event.ObjectLogEvent>
<org.drools.audit.event.ObjectLogEvent>
  <type>1</type>
  <factId>24</factId>
  <objectToString>TELLO SYLVIA</objectToString>
</org.drools.audit.event.ObjectLogEvent>
<org.drools.audit.event.ObjectLogEvent>
  <type>3</type>
  <factId>24</factId>
  <objectToString>TELLO SYLVIA</objectToString>
</org.drools.audit.event.ObjectLogEvent>
<org.drools.audit.event.ObjectLogEvent>
  <type>1</type>
  <factId>25</factId>
  <objectToString>SANDOVAL DUBARRY MATIAS</objectToString>
</org.drools.audit.event.ObjectLogEvent>
<org.drools.audit.event.ObjectLogEvent>
  <type>3</type>
  <factId>25</factId>
  <objectToString>SANDOVAL DUBARRY MATIAS</objectToString>
</org.drools.audit.event.ObjectLogEvent>
<org.drools.audit.event.ObjectLogEvent>
  <type>1</type>
  <factId>26</factId>
  <objectToString>VON FEHLEISEN RICARDO</objectToString>
</org.drools.audit.event.ObjectLogEvent>
<org.drools.audit.event.ObjectLogEvent>
  <type>3</type>
  <factId>26</factId>
  <objectToString>VON FEHLEISEN RICARDO</objectToString>
</org.drools.audit.event.ObjectLogEvent>
<org.drools.audit.event.ObjectLogEvent>
  <type>1</type>
  <factId>27</factId>
  <objectToString>MORENO ANA</objectToString>
</org.drools.audit.event.ObjectLogEvent>
<org.drools.audit.event.ObjectLogEvent>
  <type>3</type>
  <factId>27</factId>
  <objectToString>MORENO ANA</objectToString>
</org.drools.audit.event.ObjectLogEvent>
<org.drools.audit.event.ObjectLogEvent>
  <type>1</type>
  <factId>28</factId>
  <objectToString>VERON LUCAS</objectToString>
</org.drools.audit.event.ObjectLogEvent>
<org.drools.audit.event.ObjectLogEvent>
  <type>3</type>
  <factId>28</factId>
  <objectToString>VERON LUCAS</objectToString>
</org.drools.audit.event.ObjectLogEvent>
<org.drools.audit.event.ObjectLogEvent>
  <type>1</type>
  <factId>29</factId>
  <objectToString>GUASCHINO M. FERNANDA</objectToString>
</org.drools.audit.event.ObjectLogEvent>
<org.drools.audit.event.ObjectLogEvent>
  <type>3</type>
  <factId>29</factId>
  <objectToString>GUASCHINO M. FERNANDA</objectToString>
</org.drools.audit.event.ObjectLogEvent>
<org.drools.audit.event.ObjectLogEvent>
  <type>1</type>
  <factId>30</factId>
  <objectToString>PAGANI VANESA</objectToString>
</org.drools.audit.event.ObjectLogEvent>
<org.drools.audit.event.ObjectLogEvent>
  <type>3</type>
  <factId>30</factId>
  <objectToString>PAGANI VANESA</objectToString>
</org.drools.audit.event.ObjectLogEvent>
<org.drools.audit.event.ObjectLogEvent>
  <type>1</type>
  <factId>31</factId>
  <objectToString>UMANSKY ESTEBAN</objectToString>
</org.drools.audit.event.ObjectLogEvent>
<org.drools.audit.event.ObjectLogEvent>
  <type>3</type>
  <factId>31</factId>
  <objectToString>UMANSKY ESTEBAN</objectToString>
</org.drools.audit.event.ObjectLogEvent>
<org.drools.audit.event.ObjectLogEvent>
  <type>1</type>
  <factId>32</factId>
  <objectToString>FIORENTINO CLAUDIA</objectToString>
</org.drools.audit.event.ObjectLogEvent>
<org.drools.audit.event.ObjectLogEvent>
  <type>3</type>
  <factId>32</factId>
  <objectToString>FIORENTINO CLAUDIA</objectToString>
</org.drools.audit.event.ObjectLogEvent>
<org.drools.audit.event.ObjectLogEvent>
  <type>1</type>
  <factId>33</factId>
  <objectToString>MELOGNO EZEQUIEL</objectToString>
</org.drools.audit.event.ObjectLogEvent>
<org.drools.audit.event.ObjectLogEvent>
  <type>3</type>
  <factId>33</factId>
  <objectToString>MELOGNO EZEQUIEL</objectToString>
</org.drools.audit.event.ObjectLogEvent>
<org.drools.audit.event.ObjectLogEvent>
  <type>1</type>
  <factId>34</factId>
  <objectToString>NO INGRESADO</objectToString>
</org.drools.audit.event.ObjectLogEvent>
<org.drools.audit.event.ObjectLogEvent>
  <type>3</type>
  <factId>34</factId>
  <objectToString>NO INGRESADO</objectToString>
</org.drools.audit.event.ObjectLogEvent>
<org.drools.audit.event.ObjectLogEvent>
  <type>1</type>
  <factId>35</factId>
  <objectToString>DIAZ FLORENCIA</objectToString>
</org.drools.audit.event.ObjectLogEvent>
<org.drools.audit.event.ObjectLogEvent>
  <type>3</type>
  <factId>35</factId>
  <objectToString>DIAZ FLORENCIA</objectToString>
</org.drools.audit.event.ObjectLogEvent>
<org.drools.audit.event.ObjectLogEvent>
  <type>1</type>
  <factId>36</factId>
  <objectToString>GONZALEZ ROBERTO</objectToString>
</org.drools.audit.event.ObjectLogEvent>
<org.drools.audit.event.ObjectLogEvent>
  <type>3</type>
  <factId>36</factId>
  <objectToString>GONZALEZ ROBERTO</objectToString>
</org.drools.audit.event.ObjectLogEvent>
<org.drools.audit.event.ObjectLogEvent>
  <type>1</type>
  <factId>37</factId>
  <objectToString>JARA GUSTAVO</objectToString>
</org.drools.audit.event.ObjectLogEvent>
<org.drools.audit.event.ObjectLogEvent>
  <type>3</type>
  <factId>37</factId>
  <objectToString>JARA GUSTAVO</objectToString>
</org.drools.audit.event.ObjectLogEvent>
<org.drools.audit.event.ObjectLogEvent>
  <type>1</type>
  <factId>38</factId>
  <objectToString>GARCIA GLADYS</objectToString>
</org.drools.audit.event.ObjectLogEvent>
<org.drools.audit.event.ObjectLogEvent>
  <type>3</type>
  <factId>38</factId>
  <objectToString>GARCIA GLADYS</objectToString>
</org.drools.audit.event.ObjectLogEvent>
<org.drools.audit.event.ObjectLogEvent>
  <type>1</type>
  <factId>39</factId>
  <objectToString>GARCIA ANTONELA</objectToString>
</org.drools.audit.event.ObjectLogEvent>
<org.drools.audit.event.ObjectLogEvent>
  <type>3</type>
  <factId>39</factId>
  <objectToString>GARCIA ANTONELA</objectToString>
</org.drools.audit.event.ObjectLogEvent>
<org.drools.audit.event.ObjectLogEvent>
  <type>1</type>
  <factId>40</factId>
  <objectToString>PEREIRA WALTER</objectToString>
</org.drools.audit.event.ObjectLogEvent>
<org.drools.audit.event.ObjectLogEvent>
  <type>3</type>
  <factId>40</factId>
  <objectToString>PEREIRA WALTER</objectToString>
</org.drools.audit.event.ObjectLogEvent>
<org.drools.audit.event.ObjectLogEvent>
  <type>1</type>
  <factId>41</factId>
  <objectToString>FERNANDEZ CARMEN</objectToString>
</org.drools.audit.event.ObjectLogEvent>
<org.drools.audit.event.ObjectLogEvent>
  <type>3</type>
  <factId>41</factId>
  <objectToString>FERNANDEZ CARMEN</objectToString>
</org.drools.audit.event.ObjectLogEvent>
<org.drools.audit.event.ObjectLogEvent>
  <type>1</type>
  <factId>42</factId>
  <objectToString>PAREDES LORENA</objectToString>
</org.drools.audit.event.ObjectLogEvent>
<org.drools.audit.event.ObjectLogEvent>
  <type>3</type>
  <factId>42</factId>
  <objectToString>PAREDES LORENA</objectToString>
</org.drools.audit.event.ObjectLogEvent>
<org.drools.audit.event.ObjectLogEvent>
  <type>1</type>
  <factId>43</factId>
  <objectToString>GONZALEZ VALERIA</objectToString>
</org.drools.audit.event.ObjectLogEvent>
<org.drools.audit.event.ObjectLogEvent>
  <type>3</type>
  <factId>43</factId>
  <objectToString>GONZALEZ VALERIA</objectToString>
</org.drools.audit.event.ObjectLogEvent>
<org.drools.audit.event.ObjectLogEvent>
  <type>1</type>
  <factId>44</factId>
  <objectToString>PEZOA FERNANDO</objectToString>
</org.drools.audit.event.ObjectLogEvent>
<org.drools.audit.event.ObjectLogEvent>
  <type>3</type>
  <factId>44</factId>
  <objectToString>PEZOA FERNANDO</objectToString>
</org.drools.audit.event.ObjectLogEvent>
<org.drools.audit.event.ObjectLogEvent>
  <type>1</type>
  <factId>45</factId>
  <objectToString>ALAMINO PAMELA</objectToString>
</org.drools.audit.event.ObjectLogEvent>
<org.drools.audit.event.ObjectLogEvent>
  <type>3</type>
  <factId>45</factId>
  <objectToString>ALAMINO PAMELA</objectToString>
</org.drools.audit.event.ObjectLogEvent>
<org.drools.audit.event.ObjectLogEvent>
  <type>1</type>
  <factId>46</factId>
  <objectToString>QUEVEDO HORACIO</objectToString>
</org.drools.audit.event.ObjectLogEvent>
<org.drools.audit.event.ObjectLogEvent>
  <type>3</type>
  <factId>46</factId>
  <objectToString>QUEVEDO HORACIO</objectToString>
</org.drools.audit.event.ObjectLogEvent>
<org.drools.audit.event.ObjectLogEvent>
  <type>1</type>
  <factId>47</factId>
  <objectToString>GONZALEZ PI GISELA</objectToString>
</org.drools.audit.event.ObjectLogEvent>
<org.drools.audit.event.ObjectLogEvent>
  <type>3</type>
  <factId>47</factId>
  <objectToString>GONZALEZ PI GISELA</objectToString>
</org.drools.audit.event.ObjectLogEvent>
<org.drools.audit.event.ObjectLogEvent>
  <type>1</type>
  <factId>48</factId>
  <objectToString>ALAMOS CRISTIAN</objectToString>
</org.drools.audit.event.ObjectLogEvent>
<org.drools.audit.event.ObjectLogEvent>
  <type>3</type>
  <factId>48</factId>
  <objectToString>ALAMOS CRISTIAN</objectToString>
</org.drools.audit.event.ObjectLogEvent>
<org.drools.audit.event.ObjectLogEvent>
  <type>1</type>
  <factId>49</factId>
  <objectToString>LIMA DANIEL</objectToString>
</org.drools.audit.event.ObjectLogEvent>
<org.drools.audit.event.ObjectLogEvent>
  <type>3</type>
  <factId>49</factId>
  <objectToString>LIMA DANIEL</objectToString>
</org.drools.audit.event.ObjectLogEvent>
<org.drools.audit.event.ObjectLogEvent>
  <type>1</type>
  <factId>50</factId>
  <objectToString>NO INGRESADO</objectToString>
</org.drools.audit.event.ObjectLogEvent>
<org.drools.audit.event.ObjectLogEvent>
  <type>3</type>
  <factId>50</factId>
  <objectToString>NO INGRESADO</objectToString>
</org.drools.audit.event.ObjectLogEvent>
<org.drools.audit.event.ObjectLogEvent>
  <type>1</type>
  <factId>51</factId>
  <objectToString>GONZALEZ MAURICIO</objectToString>
</org.drools.audit.event.ObjectLogEvent>
<org.drools.audit.event.ObjectLogEvent>
  <type>3</type>
  <factId>51</factId>
  <objectToString>GONZALEZ MAURICIO</objectToString>
</org.drools.audit.event.ObjectLogEvent>
</object-stream>
